<?xml version="1.0" encoding="UTF-8"?>
<robot generator="Robot 7.2.2 (Python 3.13.1 on win32)" generated="2025-03-26T13:06:57.077156" rpa="false" schemaversion="5">
<suite id="s1" name="Login" source="c:\Users\Admin\Downloads\saucedemo-robot\tests\login.robot">
<test id="s1-t1" name="excute avant chaque test" line="27">
<kw name="Log To Console" owner="BuiltIn">
<arg>Hello there avant chaque test</arg>
<doc>Logs the given message to the console.</doc>
<status status="PASS" start="2025-03-26T13:06:57.509400" elapsed="0.000605"/>
</kw>
<kw name="Open Browser" owner="SeleniumLibrary">
<msg time="2025-03-26T13:06:57.511154" level="INFO">Opening browser 'firefox' to base url 'https://www.saucedemo.com/' through remote server at 'http://192.168.1.55:4444/wd/hub'.</msg>
<arg>https://www.saucedemo.com/</arg>
<arg>firefox</arg>
<arg>remote_url=http://192.168.1.55:4444/wd/hub</arg>
<doc>Opens a new browser instance to the optional ``url``.</doc>
<status status="PASS" start="2025-03-26T13:06:57.510715" elapsed="2.856465"/>
</kw>
<kw name="Close All Browsers" owner="SeleniumLibrary">
<doc>Closes all open browsers and resets the browser cache.</doc>
<status status="PASS" start="2025-03-26T13:07:00.367893" elapsed="0.681959"/>
</kw>
<status status="PASS" start="2025-03-26T13:06:57.508258" elapsed="3.543259"/>
</test>
<status status="PASS" start="2025-03-26T13:06:57.082099" elapsed="3.972964"/>
</suite>
<statistics>
<total>
<stat pass="1" fail="0" skip="0">All Tests</stat>
</total>
<tag>
</tag>
<suite>
<stat name="Login" id="s1" pass="1" fail="0" skip="0">Login</stat>
</suite>
</statistics>
<errors>
</errors>
</robot>
